# JRE version: Java(TM) SE Runtime Environment (21.0.8+12) (build 21.0.8+12-LTS-250)
# Java VM: Java HotSpot(TM) 64-Bit Server VM (21.0.8+12-LTS-250, mixed mode, sharing, tiered, compressed oops, compressed class ptrs, g1 gc, windows-amd64)
GC Precious Log:
 CardTable entry size: 512
 Card Set container configuration: InlinePtr #cards 5 size 8 Array Of Cards #cards 12 size 40 Howl #buckets 4 coarsen threshold 1843 Howl Bitmap #cards 512 size 80 coarsen threshold 460 Card regions per heap region 1 cards per card region 2048
 CPUs: 8 total, 8 available
 Memory: 16167M
 Large Page Support: Disabled
 NUMA Support: Disabled
 Compressed Oops: Enabled (32-bit)
 Heap Region Size: 1M
 Heap Min Capacity: 8M
 Heap Initial Capacity: 254M
 Heap Max Capacity: 2G
 Pre-touch: Disabled
 Parallel Workers: 8
 Concurrent Workers: 2
 Concurrent Refinement Workers: 8
 Periodic GC: Disabled
Heap:
 garbage-first heap   total 147456K, used 132703K [0x0000000080000000, 0x0000000100000000)
  region size 1024K, 64 young (65536K), 8 survivors (8192K)
 Metaspace       used 85334K, committed 87552K, reserved 557056K
  class space    used 12050K, committed 13120K, reserved 425984K
GC Heap History (20 events):
Event: 12.506 GC heap before
{Heap before GC invocations=18 (full 0):
 garbage-first heap   total 103424K, used 90422K [0x0000000080000000, 0x0000000100000000)
  region size 1024K, 44 young (45056K), 6 survivors (6144K)
 Metaspace       used 51486K, committed 53312K, reserved 491520K
  class space    used 7217K, committed 8064K, reserved 425984K
}
Event: 12.511 GC heap after
{Heap after GC invocations=19 (full 0):
 garbage-first heap   total 103424K, used 53249K [0x0000000080000000, 0x0000000100000000)
  region size 1024K, 2 young (2048K), 2 survivors (2048K)
 Metaspace       used 51486K, committed 53312K, reserved 491520K
  class space    used 7217K, committed 8064K, reserved 425984K
}
Event: 13.592 GC heap before
{Heap before GC invocations=20 (full 0):
 garbage-first heap   total 103424K, used 93185K [0x0000000080000000, 0x0000000100000000)
  region size 1024K, 41 young (41984K), 2 survivors (2048K)
 Metaspace       used 55466K, committed 57344K, reserved 491520K
  class space    used 7864K, committed 8768K, reserved 425984K
}
Event: 13.595 GC heap after
{Heap after GC invocations=21 (full 0):
 garbage-first heap   total 103424K, used 53918K [0x0000000080000000, 0x0000000100000000)
  region size 1024K, 3 young (3072K), 3 survivors (3072K)
 Metaspace       used 55466K, committed 57344K, reserved 491520K
  class space    used 7864K, committed 8768K, reserved 425984K
}
Event: 14.196 GC heap before
{Heap before GC invocations=21 (full 0):
 garbage-first heap   total 103424K, used 91806K [0x0000000080000000, 0x0000000100000000)
  region size 1024K, 41 young (41984K), 3 survivors (3072K)
 Metaspace       used 59586K, committed 61440K, reserved 491520K
  class space    used 8442K, committed 9344K, reserved 425984K
}
Event: 14.200 GC heap after
{Heap after GC invocations=22 (full 0):
 garbage-first heap   total 103424K, used 56167K [0x0000000080000000, 0x0000000100000000)
  region size 1024K, 6 young (6144K), 6 survivors (6144K)
 Metaspace       used 59586K, committed 61440K, reserved 491520K
  class space    used 8442K, committed 9344K, reserved 425984K
}
Event: 14.729 GC heap before
{Heap before GC invocations=22 (full 0):
 garbage-first heap   total 103424K, used 89959K [0x0000000080000000, 0x0000000100000000)
  region size 1024K, 39 young (39936K), 6 survivors (6144K)
 Metaspace       used 62967K, committed 64960K, reserved 491520K
  class space    used 8948K, committed 9920K, reserved 425984K
}
Event: 14.734 GC heap after
{Heap after GC invocations=23 (full 0):
 garbage-first heap   total 103424K, used 59045K [0x0000000080000000, 0x0000000100000000)
  region size 1024K, 5 young (5120K), 5 survivors (5120K)
 Metaspace       used 62967K, committed 64960K, reserved 491520K
  class space    used 8948K, committed 9920K, reserved 425984K
}
Event: 15.404 GC heap before
{Heap before GC invocations=24 (full 0):
 garbage-first heap   total 104448K, used 91813K [0x0000000080000000, 0x0000000100000000)
  region size 1024K, 37 young (37888K), 5 survivors (5120K)
 Metaspace       used 65129K, committed 67200K, reserved 491520K
  class space    used 9285K, committed 10304K, reserved 425984K
}
Event: 15.413 GC heap after
{Heap after GC invocations=25 (full 0):
 garbage-first heap   total 104448K, used 62938K [0x0000000080000000, 0x0000000100000000)
  region size 1024K, 4 young (4096K), 4 survivors (4096K)
 Metaspace       used 65129K, committed 67200K, reserved 491520K
  class space    used 9285K, committed 10304K, reserved 425984K
}
Event: 15.908 GC heap before
{Heap before GC invocations=25 (full 0):
 garbage-first heap   total 104448K, used 97754K [0x0000000080000000, 0x0000000100000000)
  region size 1024K, 33 young (33792K), 4 survivors (4096K)
 Metaspace       used 65671K, committed 67712K, reserved 491520K
  class space    used 9324K, committed 10304K, reserved 425984K
}
Event: 15.914 GC heap after
{Heap after GC invocations=26 (full 0):
 garbage-first heap   total 109568K, used 72921K [0x0000000080000000, 0x0000000100000000)
  region size 1024K, 5 young (5120K), 5 survivors (5120K)
 Metaspace       used 65671K, committed 67712K, reserved 491520K
  class space    used 9324K, committed 10304K, reserved 425984K
}
Event: 16.079 GC heap before
{Heap before GC invocations=26 (full 0):
 garbage-first heap   total 109568K, used 79065K [0x0000000080000000, 0x0000000100000000)
  region size 1024K, 12 young (12288K), 5 survivors (5120K)
 Metaspace       used 66448K, committed 68544K, reserved 491520K
  class space    used 9426K, committed 10432K, reserved 425984K
}
Event: 16.082 GC heap after
{Heap after GC invocations=27 (full 0):
 garbage-first heap   total 147456K, used 73730K [0x0000000080000000, 0x0000000100000000)
  region size 1024K, 1 young (1024K), 1 survivors (1024K)
 Metaspace       used 66448K, committed 68544K, reserved 491520K
  class space    used 9426K, committed 10432K, reserved 425984K
}
Event: 16.090 GC heap before
{Heap before GC invocations=27 (full 0):
 garbage-first heap   total 147456K, used 79874K [0x0000000080000000, 0x0000000100000000)
  region size 1024K, 2 young (2048K), 1 survivors (1024K)
 Metaspace       used 66448K, committed 68544K, reserved 491520K
  class space    used 9426K, committed 10432K, reserved 425984K
}
Event: 16.091 GC heap after
{Heap after GC invocations=28 (full 0):
 garbage-first heap   total 147456K, used 79531K [0x0000000080000000, 0x0000000100000000)
  region size 1024K, 1 young (1024K), 1 survivors (1024K)
 Metaspace       used 66448K, committed 68544K, reserved 491520K
  class space    used 9426K, committed 10432K, reserved 425984K
}
Event: 17.232 GC heap before
{Heap before GC invocations=29 (full 0):
 garbage-first heap   total 147456K, used 134827K [0x0000000080000000, 0x0000000100000000)
  region size 1024K, 54 young (55296K), 1 survivors (1024K)
 Metaspace       used 74279K, committed 76352K, reserved 557056K
  class space    used 10732K, committed 11712K, reserved 425984K
}
Event: 17.235 GC heap after
{Heap after GC invocations=30 (full 0):
 garbage-first heap   total 147456K, used 75127K [0x0000000080000000, 0x0000000100000000)
  region size 1024K, 3 young (3072K), 3 survivors (3072K)
 Metaspace       used 74279K, committed 76352K, reserved 557056K
  class space    used 10732K, committed 11712K, reserved 425984K
}
Event: 18.207 GC heap before
{Heap before GC invocations=30 (full 0):
 garbage-first heap   total 147456K, used 134519K [0x0000000080000000, 0x0000000100000000)
  region size 1024K, 61 young (62464K), 3 survivors (3072K)
 Metaspace       used 82292K, committed 84544K, reserved 557056K
  class space    used 11710K, committed 12800K, reserved 425984K
}
Event: 18.212 GC heap after
{Heap after GC invocations=31 (full 0):
 garbage-first heap   total 147456K, used 75359K [0x0000000080000000, 0x0000000100000000)
  region size 1024K, 5 young (5120K), 5 survivors (5120K)
 Metaspace       used 82292K, committed 84544K, reserved 557056K
  class space    used 11710K, committed 12800K, reserved 425984K
}

