# JRE version: OpenJDK Runtime Environment (21.0.7) (build 21.0.7+-13880790-b1038.58)
# Java VM: OpenJDK 64-Bit Server VM (21.0.7+-13880790-b1038.58, mixed mode, tiered, compressed oops, compressed class ptrs, g1 gc, windows-amd64)
GC Precious Log:
 CardTable entry size: 512
 Card Set container configuration: InlinePtr #cards 5 size 8 Array Of Cards #cards 12 size 40 Howl #buckets 4 coarsen threshold 1843 Howl Bitmap #cards 512 size 80 coarsen threshold 460 Card regions per heap region 1 cards per card region 2048
 CPUs: 8 total, 8 available
 Memory: 16167M
 Large Page Support: Disabled
 NUMA Support: Disabled
 Compressed Oops: Enabled (32-bit)
 Heap Region Size: 1M
 Heap Min Capacity: 8M
 Heap Initial Capacity: 254M
 Heap Max Capacity: 2G
 Pre-touch: Disabled
 Parallel Workers: 8
 Concurrent Workers: 2
 Concurrent Refinement Workers: 8
 Periodic GC: Disabled
Heap:
 garbage-first heap   total 295936K, used 199680K [0x0000000080000000, 0x0000000100000000)
  region size 1024K, 6 young (6144K), 6 survivors (6144K)
 Metaspace       used 66121K, committed 67712K, reserved 491520K
  class space    used 9105K, committed 9856K, reserved 425984K
GC Heap History (20 events):
Event: 13.328 GC heap after
{Heap after GC invocations=38 (full 0):
 garbage-first heap   total 189440K, used 97927K [0x0000000080000000, 0x0000000100000000)
  region size 1024K, 6 young (6144K), 6 survivors (6144K)
 Metaspace       used 65262K, committed 66816K, reserved 491520K
  class space    used 9039K, committed 9792K, reserved 425984K
}
Event: 15.245 GC heap before
{Heap before GC invocations=38 (full 0):
 garbage-first heap   total 189440K, used 174727K [0x0000000080000000, 0x0000000100000000)
  region size 1024K, 79 young (80896K), 6 survivors (6144K)
 Metaspace       used 65388K, committed 66944K, reserved 491520K
  class space    used 9060K, committed 9792K, reserved 425984K
}
Event: 15.247 GC heap after
{Heap after GC invocations=39 (full 0):
 garbage-first heap   total 227328K, used 97113K [0x0000000080000000, 0x0000000100000000)
  region size 1024K, 3 young (3072K), 3 survivors (3072K)
 Metaspace       used 65388K, committed 66944K, reserved 491520K
  class space    used 9060K, committed 9792K, reserved 425984K
}
Event: 15.715 GC heap before
{Heap before GC invocations=39 (full 0):
 garbage-first heap   total 227328K, used 213849K [0x0000000080000000, 0x0000000100000000)
  region size 1024K, 115 young (117760K), 3 survivors (3072K)
 Metaspace       used 65503K, committed 67072K, reserved 491520K
  class space    used 9070K, committed 9792K, reserved 425984K
}
Event: 15.717 GC heap after
{Heap after GC invocations=40 (full 0):
 garbage-first heap   total 227328K, used 96074K [0x0000000080000000, 0x0000000100000000)
  region size 1024K, 2 young (2048K), 2 survivors (2048K)
 Metaspace       used 65503K, committed 67072K, reserved 491520K
  class space    used 9070K, committed 9792K, reserved 425984K
}
Event: 16.026 GC heap before
{Heap before GC invocations=40 (full 0):
 garbage-first heap   total 227328K, used 212810K [0x0000000080000000, 0x0000000100000000)
  region size 1024K, 116 young (118784K), 2 survivors (2048K)
 Metaspace       used 65688K, committed 67200K, reserved 491520K
  class space    used 9077K, committed 9792K, reserved 425984K
}
Event: 16.030 GC heap after
{Heap after GC invocations=41 (full 0):
 garbage-first heap   total 227328K, used 99833K [0x0000000080000000, 0x0000000100000000)
  region size 1024K, 6 young (6144K), 6 survivors (6144K)
 Metaspace       used 65688K, committed 67200K, reserved 491520K
  class space    used 9077K, committed 9792K, reserved 425984K
}
Event: 16.534 GC heap before
{Heap before GC invocations=41 (full 0):
 garbage-first heap   total 227328K, used 208377K [0x0000000080000000, 0x0000000100000000)
  region size 1024K, 112 young (114688K), 6 survivors (6144K)
 Metaspace       used 65951K, committed 67520K, reserved 491520K
  class space    used 9109K, committed 9856K, reserved 425984K
}
Event: 16.539 GC heap after
{Heap after GC invocations=42 (full 0):
 garbage-first heap   total 227328K, used 105092K [0x0000000080000000, 0x0000000100000000)
  region size 1024K, 11 young (11264K), 11 survivors (11264K)
 Metaspace       used 65951K, committed 67520K, reserved 491520K
  class space    used 9109K, committed 9856K, reserved 425984K
}
Event: 16.705 GC heap before
{Heap before GC invocations=43 (full 0):
 garbage-first heap   total 227328K, used 203396K [0x0000000080000000, 0x0000000100000000)
  region size 1024K, 107 young (109568K), 11 survivors (11264K)
 Metaspace       used 65954K, committed 67520K, reserved 491520K
  class space    used 9109K, committed 9856K, reserved 425984K
}
Event: 16.716 GC heap after
{Heap after GC invocations=44 (full 0):
 garbage-first heap   total 227328K, used 109557K [0x0000000080000000, 0x0000000100000000)
  region size 1024K, 12 young (12288K), 12 survivors (12288K)
 Metaspace       used 65954K, committed 67520K, reserved 491520K
  class space    used 9109K, committed 9856K, reserved 425984K
}
Event: 16.883 GC heap before
{Heap before GC invocations=44 (full 0):
 garbage-first heap   total 227328K, used 201717K [0x0000000080000000, 0x0000000100000000)
  region size 1024K, 102 young (104448K), 12 survivors (12288K)
 Metaspace       used 65954K, committed 67520K, reserved 491520K
  class space    used 9109K, committed 9856K, reserved 425984K
}
Event: 16.889 GC heap after
{Heap after GC invocations=45 (full 0):
 garbage-first heap   total 227328K, used 111812K [0x0000000080000000, 0x0000000100000000)
  region size 1024K, 10 young (10240K), 10 survivors (10240K)
 Metaspace       used 65954K, committed 67520K, reserved 491520K
  class space    used 9109K, committed 9856K, reserved 425984K
}
Event: 17.033 GC heap before
{Heap before GC invocations=45 (full 0):
 garbage-first heap   total 227328K, used 196804K [0x0000000080000000, 0x0000000100000000)
  region size 1024K, 94 young (96256K), 10 survivors (10240K)
 Metaspace       used 65954K, committed 67520K, reserved 491520K
  class space    used 9109K, committed 9856K, reserved 425984K
}
Event: 17.040 GC heap after
{Heap after GC invocations=46 (full 0):
 garbage-first heap   total 227328K, used 124147K [0x0000000080000000, 0x0000000100000000)
  region size 1024K, 13 young (13312K), 13 survivors (13312K)
 Metaspace       used 65954K, committed 67520K, reserved 491520K
  class space    used 9109K, committed 9856K, reserved 425984K
}
Event: 17.361 GC heap before
{Heap before GC invocations=47 (full 0):
 garbage-first heap   total 227328K, used 207091K [0x0000000080000000, 0x0000000100000000)
  region size 1024K, 88 young (90112K), 13 survivors (13312K)
 Metaspace       used 66016K, committed 67584K, reserved 491520K
  class space    used 9103K, committed 9856K, reserved 425984K
}
Event: 17.393 GC heap after
{Heap after GC invocations=48 (full 0):
 garbage-first heap   total 261120K, used 170496K [0x0000000080000000, 0x0000000100000000)
  region size 1024K, 11 young (11264K), 11 survivors (11264K)
 Metaspace       used 66016K, committed 67584K, reserved 491520K
  class space    used 9103K, committed 9856K, reserved 425984K
}
Event: 17.520 GC heap before
{Heap before GC invocations=48 (full 0):
 garbage-first heap   total 261120K, used 222720K [0x0000000080000000, 0x0000000100000000)
  region size 1024K, 63 young (64512K), 11 survivors (11264K)
 Metaspace       used 66039K, committed 67584K, reserved 491520K
  class space    used 9105K, committed 9856K, reserved 425984K
}
Event: 17.542 GC heap after
{Heap after GC invocations=49 (full 0):
 garbage-first heap   total 261120K, used 189952K [0x0000000080000000, 0x0000000100000000)
  region size 1024K, 8 young (8192K), 8 survivors (8192K)
 Metaspace       used 66039K, committed 67584K, reserved 491520K
  class space    used 9105K, committed 9856K, reserved 425984K
}
Event: 17.665 GC heap before
{Heap before GC invocations=49 (full 0):
 garbage-first heap   total 261120K, used 220672K [0x0000000080000000, 0x0000000100000000)
  region size 1024K, 40 young (40960K), 8 survivors (8192K)
 Metaspace       used 66121K, committed 67712K, reserved 491520K
  class space    used 9105K, committed 9856K, reserved 425984K
}

