# JRE version: OpenJDK Runtime Environment (21.0.7) (build 21.0.7+-13880790-b1038.58)
# Java VM: OpenJDK 64-Bit Server VM (21.0.7+-13880790-b1038.58, mixed mode, tiered, compressed oops, compressed class ptrs, g1 gc, windows-amd64)
GC Precious Log:
 CardTable entry size: 512
 Card Set container configuration: InlinePtr #cards 4 size 8 Array Of Cards #cards 16 size 48 Howl #buckets 8 coarsen threshold 3686 Howl Bitmap #cards 512 size 80 coarsen threshold 460 Card regions per heap region 1 cards per card region 4096
 CPUs: 8 total, 8 available
 Memory: 16167M
 Large Page Support: Disabled
 NUMA Support: Disabled
 Compressed Oops: Enabled (Zero based)
 Heap Region Size: 2M
 Heap Min Capacity: 8M
 Heap Initial Capacity: 254M
 Heap Max Capacity: 4G
 Pre-touch: Disabled
 Parallel Workers: 8
 Concurrent Workers: 2
 Concurrent Refinement Workers: 8
 Periodic GC: Disabled
Heap:
 garbage-first heap   total 516096K, used 381879K [0x0000000700000000, 0x0000000800000000)
  region size 2048K, 59 young (120832K), 11 survivors (22528K)
 Metaspace       used 152170K, committed 155008K, reserved 1048576K
  class space    used 21005K, committed 22336K, reserved 851968K
GC Heap History (20 events):
Event: 20.199 GC heap before
{Heap before GC invocations=56 (full 0):
 garbage-first heap   total 366592K, used 315800K [0x0000000700000000, 0x0000000800000000)
  region size 2048K, 65 young (133120K), 9 survivors (18432K)
 Metaspace       used 129213K, committed 131904K, reserved 983040K
  class space    used 18012K, committed 19328K, reserved 851968K
}
Event: 20.214 GC heap after
{Heap after GC invocations=57 (full 0):
 garbage-first heap   total 366592K, used 210740K [0x0000000700000000, 0x0000000800000000)
  region size 2048K, 7 young (14336K), 7 survivors (14336K)
 Metaspace       used 129213K, committed 131904K, reserved 983040K
  class space    used 18012K, committed 19328K, reserved 851968K
}
Event: 20.401 GC heap before
{Heap before GC invocations=57 (full 0):
 garbage-first heap   total 366592K, used 288564K [0x0000000700000000, 0x0000000800000000)
  region size 2048K, 47 young (96256K), 7 survivors (14336K)
 Metaspace       used 129243K, committed 131968K, reserved 983040K
  class space    used 18015K, committed 19328K, reserved 851968K
}
Event: 20.409 GC heap after
{Heap after GC invocations=58 (full 0):
 garbage-first heap   total 366592K, used 214284K [0x0000000700000000, 0x0000000800000000)
  region size 2048K, 3 young (6144K), 3 survivors (6144K)
 Metaspace       used 129243K, committed 131968K, reserved 983040K
  class space    used 18015K, committed 19328K, reserved 851968K
}
Event: 20.857 GC heap before
{Heap before GC invocations=59 (full 0):
 garbage-first heap   total 368640K, used 328972K [0x0000000700000000, 0x0000000800000000)
  region size 2048K, 58 young (118784K), 3 survivors (6144K)
 Metaspace       used 129323K, committed 132032K, reserved 983040K
  class space    used 18025K, committed 19328K, reserved 851968K
}
Event: 20.865 GC heap after
{Heap after GC invocations=60 (full 0):
 garbage-first heap   total 368640K, used 224862K [0x0000000700000000, 0x0000000800000000)
  region size 2048K, 6 young (12288K), 6 survivors (12288K)
 Metaspace       used 129323K, committed 132032K, reserved 983040K
  class space    used 18025K, committed 19328K, reserved 851968K
}
Event: 21.703 GC heap before
{Heap before GC invocations=60 (full 0):
 garbage-first heap   total 368640K, used 333406K [0x0000000700000000, 0x0000000800000000)
  region size 2048K, 60 young (122880K), 6 survivors (12288K)
 Metaspace       used 133216K, committed 135936K, reserved 983040K
  class space    used 18619K, committed 19904K, reserved 851968K
}
Event: 21.714 GC heap after
{Heap after GC invocations=61 (full 0):
 garbage-first heap   total 368640K, used 233008K [0x0000000700000000, 0x0000000800000000)
  region size 2048K, 7 young (14336K), 7 survivors (14336K)
 Metaspace       used 133216K, committed 135936K, reserved 983040K
  class space    used 18619K, committed 19904K, reserved 851968K
}
Event: 22.437 GC heap before
{Heap before GC invocations=61 (full 0):
 garbage-first heap   total 368640K, used 333360K [0x0000000700000000, 0x0000000800000000)
  region size 2048K, 56 young (114688K), 7 survivors (14336K)
 Metaspace       used 136751K, committed 139456K, reserved 983040K
  class space    used 19040K, committed 20288K, reserved 851968K
}
Event: 22.450 GC heap after
{Heap after GC invocations=62 (full 0):
 garbage-first heap   total 368640K, used 247390K [0x0000000700000000, 0x0000000800000000)
  region size 2048K, 7 young (14336K), 7 survivors (14336K)
 Metaspace       used 136751K, committed 139456K, reserved 983040K
  class space    used 19040K, committed 20288K, reserved 851968K
}
Event: 23.230 GC heap before
{Heap before GC invocations=63 (full 0):
 garbage-first heap   total 413696K, used 331358K [0x0000000700000000, 0x0000000800000000)
  region size 2048K, 48 young (98304K), 7 survivors (14336K)
 Metaspace       used 137617K, committed 140288K, reserved 983040K
  class space    used 19129K, committed 20416K, reserved 851968K
}
Event: 23.244 GC heap after
{Heap after GC invocations=64 (full 0):
 garbage-first heap   total 413696K, used 257267K [0x0000000700000000, 0x0000000800000000)
  region size 2048K, 6 young (12288K), 6 survivors (12288K)
 Metaspace       used 137617K, committed 140288K, reserved 983040K
  class space    used 19129K, committed 20416K, reserved 851968K
}
Event: 24.336 GC heap before
{Heap before GC invocations=64 (full 0):
 garbage-first heap   total 413696K, used 367859K [0x0000000700000000, 0x0000000800000000)
  region size 2048K, 61 young (124928K), 6 survivors (12288K)
 Metaspace       used 138905K, committed 141568K, reserved 983040K
  class space    used 19280K, committed 20544K, reserved 851968K
}
Event: 24.358 GC heap after
{Heap after GC invocations=65 (full 0):
 garbage-first heap   total 516096K, used 268475K [0x0000000700000000, 0x0000000800000000)
  region size 2048K, 7 young (14336K), 7 survivors (14336K)
 Metaspace       used 138905K, committed 141568K, reserved 983040K
  class space    used 19280K, committed 20544K, reserved 851968K
}
Event: 25.017 GC heap before
{Heap before GC invocations=65 (full 0):
 garbage-first heap   total 516096K, used 430267K [0x0000000700000000, 0x0000000800000000)
  region size 2048K, 87 young (178176K), 7 survivors (14336K)
 Metaspace       used 139057K, committed 141824K, reserved 983040K
  class space    used 19298K, committed 20608K, reserved 851968K
}
Event: 25.030 GC heap after
{Heap after GC invocations=66 (full 0):
 garbage-first heap   total 516096K, used 274007K [0x0000000700000000, 0x0000000800000000)
  region size 2048K, 4 young (8192K), 4 survivors (8192K)
 Metaspace       used 139057K, committed 141824K, reserved 983040K
  class space    used 19298K, committed 20608K, reserved 851968K
}
Event: 26.232 GC heap before
{Heap before GC invocations=66 (full 0):
 garbage-first heap   total 516096K, used 458327K [0x0000000700000000, 0x0000000800000000)
  region size 2048K, 95 young (194560K), 4 survivors (8192K)
 Metaspace       used 141390K, committed 144128K, reserved 983040K
  class space    used 19514K, committed 20800K, reserved 851968K
}
Event: 26.244 GC heap after
{Heap after GC invocations=67 (full 0):
 garbage-first heap   total 516096K, used 280088K [0x0000000700000000, 0x0000000800000000)
  region size 2048K, 7 young (14336K), 7 survivors (14336K)
 Metaspace       used 141390K, committed 144128K, reserved 983040K
  class space    used 19514K, committed 20800K, reserved 851968K
}
Event: 28.817 GC heap before
{Heap before GC invocations=67 (full 0):
 garbage-first heap   total 516096K, used 464408K [0x0000000700000000, 0x0000000800000000)
  region size 2048K, 98 young (200704K), 7 survivors (14336K)
 Metaspace       used 146876K, committed 149696K, reserved 983040K
  class space    used 20240K, committed 21568K, reserved 851968K
}
Event: 28.834 GC heap after
{Heap after GC invocations=68 (full 0):
 garbage-first heap   total 516096K, used 287671K [0x0000000700000000, 0x0000000800000000)
  region size 2048K, 11 young (22528K), 11 survivors (22528K)
 Metaspace       used 146876K, committed 149696K, reserved 983040K
  class space    used 20240K, committed 21568K, reserved 851968K
}

