# JRE version: Java(TM) SE Runtime Environment (21.0.8+12) (build 21.0.8+12-LTS-250)
# Java VM: Java HotSpot(TM) 64-Bit Server VM (21.0.8+12-LTS-250, mixed mode, sharing, tiered, compressed oops, compressed class ptrs, g1 gc, windows-amd64)
GC Precious Log:
 CardTable entry size: 512
 Card Set container configuration: InlinePtr #cards 4 size 8 Array Of Cards #cards 16 size 48 Howl #buckets 8 coarsen threshold 3686 Howl Bitmap #cards 512 size 80 coarsen threshold 460 Card regions per heap region 1 cards per card region 4096
 CPUs: 8 total, 8 available
 Memory: 16167M
 Large Page Support: Disabled
 NUMA Support: Disabled
 Compressed Oops: Enabled (Zero based)
 Heap Region Size: 2M
 Heap Min Capacity: 8M
 Heap Initial Capacity: 254M
 Heap Max Capacity: 4G
 Pre-touch: Disabled
 Parallel Workers: 8
 Concurrent Workers: 2
 Concurrent Refinement Workers: 8
 Periodic GC: Disabled
Heap:
 garbage-first heap   total 243712K, used 211823K [0x0000000700000000, 0x0000000800000000)
  region size 2048K, 42 young (86016K), 5 survivors (10240K)
 Metaspace       used 110426K, committed 113088K, reserved 983040K
  class space    used 15296K, committed 16640K, reserved 851968K
GC Heap History (20 events):
Event: 22.316 GC heap before
{Heap before GC invocations=34 (full 0):
 garbage-first heap   total 169984K, used 149778K [0x0000000700000000, 0x0000000800000000)
  region size 2048K, 35 young (71680K), 3 survivors (6144K)
 Metaspace       used 82926K, committed 85312K, reserved 983040K
  class space    used 11569K, committed 12736K, reserved 851968K
}
Event: 22.323 GC heap after
{Heap after GC invocations=35 (full 0):
 garbage-first heap   total 172032K, used 99113K [0x0000000700000000, 0x0000000800000000)
  region size 2048K, 5 young (10240K), 5 survivors (10240K)
 Metaspace       used 82926K, committed 85312K, reserved 983040K
  class space    used 11569K, committed 12736K, reserved 851968K
}
Event: 22.862 GC heap before
{Heap before GC invocations=36 (full 0):
 garbage-first heap   total 184320K, used 148265K [0x0000000700000000, 0x0000000800000000)
  region size 2048K, 30 young (61440K), 5 survivors (10240K)
 Metaspace       used 86264K, committed 88640K, reserved 983040K
  class space    used 11979K, committed 13184K, reserved 851968K
}
Event: 22.866 GC heap after
{Heap after GC invocations=37 (full 0):
 garbage-first heap   total 184320K, used 104626K [0x0000000700000000, 0x0000000800000000)
  region size 2048K, 3 young (6144K), 3 survivors (6144K)
 Metaspace       used 86264K, committed 88640K, reserved 983040K
  class space    used 11979K, committed 13184K, reserved 851968K
}
Event: 23.506 GC heap before
{Heap before GC invocations=37 (full 0):
 garbage-first heap   total 184320K, used 159922K [0x0000000700000000, 0x0000000800000000)
  region size 2048K, 30 young (61440K), 3 survivors (6144K)
 Metaspace       used 89977K, committed 92352K, reserved 983040K
  class space    used 12422K, committed 13632K, reserved 851968K
}
Event: 23.511 GC heap after
{Heap after GC invocations=38 (full 0):
 garbage-first heap   total 184320K, used 106321K [0x0000000700000000, 0x0000000800000000)
  region size 2048K, 2 young (4096K), 2 survivors (4096K)
 Metaspace       used 89977K, committed 92352K, reserved 983040K
  class space    used 12422K, committed 13632K, reserved 851968K
}
Event: 23.558 GC heap before
{Heap before GC invocations=38 (full 0):
 garbage-first heap   total 184320K, used 110417K [0x0000000700000000, 0x0000000800000000)
  region size 2048K, 5 young (10240K), 2 survivors (4096K)
 Metaspace       used 90254K, committed 92608K, reserved 983040K
  class space    used 12478K, committed 13632K, reserved 851968K
}
Event: 23.561 GC heap after
{Heap after GC invocations=39 (full 0):
 garbage-first heap   total 184320K, used 106227K [0x0000000700000000, 0x0000000800000000)
  region size 2048K, 2 young (4096K), 2 survivors (4096K)
 Metaspace       used 90254K, committed 92608K, reserved 983040K
  class space    used 12478K, committed 13632K, reserved 851968K
}
Event: 24.229 GC heap before
{Heap before GC invocations=40 (full 0):
 garbage-first heap   total 202752K, used 169715K [0x0000000700000000, 0x0000000800000000)
  region size 2048K, 31 young (63488K), 2 survivors (4096K)
 Metaspace       used 94365K, committed 96768K, reserved 983040K
  class space    used 13048K, committed 14272K, reserved 851968K
}
Event: 24.234 GC heap after
{Heap after GC invocations=41 (full 0):
 garbage-first heap   total 202752K, used 112519K [0x0000000700000000, 0x0000000800000000)
  region size 2048K, 3 young (6144K), 3 survivors (6144K)
 Metaspace       used 94365K, committed 96768K, reserved 983040K
  class space    used 13048K, committed 14272K, reserved 851968K
}
Event: 25.119 GC heap before
{Heap before GC invocations=41 (full 0):
 garbage-first heap   total 202752K, used 182151K [0x0000000700000000, 0x0000000800000000)
  region size 2048K, 37 young (75776K), 3 survivors (6144K)
 Metaspace       used 96923K, committed 99392K, reserved 983040K
  class space    used 13358K, committed 14592K, reserved 851968K
}
Event: 25.128 GC heap after
{Heap after GC invocations=42 (full 0):
 garbage-first heap   total 243712K, used 115789K [0x0000000700000000, 0x0000000800000000)
  region size 2048K, 5 young (10240K), 5 survivors (10240K)
 Metaspace       used 96923K, committed 99392K, reserved 983040K
  class space    used 13358K, committed 14592K, reserved 851968K
}
Event: 26.633 GC heap before
{Heap before GC invocations=42 (full 0):
 garbage-first heap   total 243712K, used 216141K [0x0000000700000000, 0x0000000800000000)
  region size 2048K, 55 young (112640K), 5 survivors (10240K)
 Metaspace       used 103369K, committed 105856K, reserved 983040K
  class space    used 14394K, committed 15616K, reserved 851968K
}
Event: 26.644 GC heap after
{Heap after GC invocations=43 (full 0):
 garbage-first heap   total 243712K, used 120013K [0x0000000700000000, 0x0000000800000000)
  region size 2048K, 6 young (12288K), 6 survivors (12288K)
 Metaspace       used 103369K, committed 105856K, reserved 983040K
  class space    used 14394K, committed 15616K, reserved 851968K
}
Event: 27.896 GC heap before
{Heap before GC invocations=43 (full 0):
 garbage-first heap   total 243712K, used 212173K [0x0000000700000000, 0x0000000800000000)
  region size 2048K, 52 young (106496K), 6 survivors (12288K)
 Metaspace       used 107384K, committed 110016K, reserved 983040K
  class space    used 14894K, committed 16192K, reserved 851968K
}
Event: 27.912 GC heap after
{Heap after GC invocations=44 (full 0):
 garbage-first heap   total 243712K, used 126604K [0x0000000700000000, 0x0000000800000000)
  region size 2048K, 6 young (12288K), 6 survivors (12288K)
 Metaspace       used 107384K, committed 110016K, reserved 983040K
  class space    used 14894K, committed 16192K, reserved 851968K
}
Event: 28.504 GC heap before
{Heap before GC invocations=44 (full 0):
 garbage-first heap   total 243712K, used 212620K [0x0000000700000000, 0x0000000800000000)
  region size 2048K, 49 young (100352K), 6 survivors (12288K)
 Metaspace       used 109807K, committed 112512K, reserved 983040K
  class space    used 15218K, committed 16576K, reserved 851968K
}
Event: 28.514 GC heap after
{Heap after GC invocations=45 (full 0):
 garbage-first heap   total 243712K, used 132671K [0x0000000700000000, 0x0000000800000000)
  region size 2048K, 7 young (14336K), 7 survivors (14336K)
 Metaspace       used 109807K, committed 112512K, reserved 983040K
  class space    used 15218K, committed 16576K, reserved 851968K
}
Event: 29.170 GC heap before
{Heap before GC invocations=46 (full 0):
 garbage-first heap   total 243712K, used 210495K [0x0000000700000000, 0x0000000800000000)
  region size 2048K, 46 young (94208K), 7 survivors (14336K)
 Metaspace       used 110388K, committed 113088K, reserved 983040K
  class space    used 15293K, committed 16640K, reserved 851968K
}
Event: 29.184 GC heap after
{Heap after GC invocations=47 (full 0):
 garbage-first heap   total 243712K, used 140143K [0x0000000700000000, 0x0000000800000000)
  region size 2048K, 5 young (10240K), 5 survivors (10240K)
 Metaspace       used 110388K, committed 113088K, reserved 983040K
  class space    used 15293K, committed 16640K, reserved 851968K
}

