# JRE version: Java(TM) SE Runtime Environment (21.0.8+12) (build 21.0.8+12-LTS-250)
# Java VM: Java HotSpot(TM) 64-Bit Server VM (21.0.8+12-LTS-250, mixed mode, sharing, tiered, compressed oops, compressed class ptrs, g1 gc, windows-amd64)
GC Precious Log:
 CardTable entry size: 512
 Card Set container configuration: InlinePtr #cards 4 size 8 Array Of Cards #cards 16 size 48 Howl #buckets 8 coarsen threshold 3686 Howl Bitmap #cards 512 size 80 coarsen threshold 460 Card regions per heap region 1 cards per card region 4096
 CPUs: 8 total, 8 available
 Memory: 16167M
 Large Page Support: Disabled
 NUMA Support: Disabled
 Compressed Oops: Enabled (Zero based)
 Heap Region Size: 2M
 Heap Min Capacity: 8M
 Heap Initial Capacity: 254M
 Heap Max Capacity: 4G
 Pre-touch: Disabled
 Parallel Workers: 8
 Concurrent Workers: 2
 Concurrent Refinement Workers: 8
 Periodic GC: Disabled
Heap:
 garbage-first heap   total 307200K, used 214425K [0x0000000700000000, 0x0000000800000000)
  region size 2048K, 23 young (47104K), 7 survivors (14336K)
 Metaspace       used 112768K, committed 115584K, reserved 983040K
  class space    used 15668K, committed 17088K, reserved 851968K
GC Heap History (20 events):
Event: 31.104 GC heap before
{Heap before GC invocations=44 (full 0):
 garbage-first heap   total 219136K, used 195704K [0x0000000700000000, 0x0000000800000000)
  region size 2048K, 38 young (77824K), 2 survivors (4096K)
 Metaspace       used 98535K, committed 101056K, reserved 983040K
  class space    used 13608K, committed 14912K, reserved 851968K
}
Event: 31.111 GC heap after
{Heap after GC invocations=45 (full 0):
 garbage-first heap   total 219136K, used 125079K [0x0000000700000000, 0x0000000800000000)
  region size 2048K, 4 young (8192K), 4 survivors (8192K)
 Metaspace       used 98535K, committed 101056K, reserved 983040K
  class space    used 13608K, committed 14912K, reserved 851968K
}
Event: 31.837 GC heap before
{Heap before GC invocations=45 (full 0):
 garbage-first heap   total 219136K, used 194711K [0x0000000700000000, 0x0000000800000000)
  region size 2048K, 39 young (79872K), 4 survivors (8192K)
 Metaspace       used 102986K, committed 105600K, reserved 983040K
  class space    used 14321K, committed 15616K, reserved 851968K
}
Event: 31.842 GC heap after
{Heap after GC invocations=46 (full 0):
 garbage-first heap   total 219136K, used 127336K [0x0000000700000000, 0x0000000800000000)
  region size 2048K, 4 young (8192K), 4 survivors (8192K)
 Metaspace       used 102986K, committed 105600K, reserved 983040K
  class space    used 14321K, committed 15616K, reserved 851968K
}
Event: 32.700 GC heap before
{Heap before GC invocations=47 (full 0):
 garbage-first heap   total 233472K, used 194920K [0x0000000700000000, 0x0000000800000000)
  region size 2048K, 37 young (75776K), 4 survivors (8192K)
 Metaspace       used 106488K, committed 109120K, reserved 983040K
  class space    used 14836K, committed 16128K, reserved 851968K
}
Event: 32.707 GC heap after
{Heap after GC invocations=48 (full 0):
 garbage-first heap   total 233472K, used 129744K [0x0000000700000000, 0x0000000800000000)
  region size 2048K, 3 young (6144K), 3 survivors (6144K)
 Metaspace       used 106488K, committed 109120K, reserved 983040K
  class space    used 14836K, committed 16128K, reserved 851968K
}
Event: 33.356 GC heap before
{Heap before GC invocations=48 (full 0):
 garbage-first heap   total 233472K, used 211664K [0x0000000700000000, 0x0000000800000000)
  region size 2048K, 43 young (88064K), 3 survivors (6144K)
 Metaspace       used 108465K, committed 111168K, reserved 983040K
  class space    used 15099K, committed 16448K, reserved 851968K
}
Event: 33.367 GC heap after
{Heap after GC invocations=49 (full 0):
 garbage-first heap   total 233472K, used 133674K [0x0000000700000000, 0x0000000800000000)
  region size 2048K, 5 young (10240K), 5 survivors (10240K)
 Metaspace       used 108465K, committed 111168K, reserved 983040K
  class space    used 15099K, committed 16448K, reserved 851968K
}
Event: 34.113 GC heap before
{Heap before GC invocations=49 (full 0):
 garbage-first heap   total 233472K, used 205354K [0x0000000700000000, 0x0000000800000000)
  region size 2048K, 41 young (83968K), 5 survivors (10240K)
 Metaspace       used 111037K, committed 113728K, reserved 983040K
  class space    used 15445K, committed 16768K, reserved 851968K
}
Event: 34.123 GC heap after
{Heap after GC invocations=50 (full 0):
 garbage-first heap   total 233472K, used 140757K [0x0000000700000000, 0x0000000800000000)
  region size 2048K, 6 young (12288K), 6 survivors (12288K)
 Metaspace       used 111037K, committed 113728K, reserved 983040K
  class space    used 15445K, committed 16768K, reserved 851968K
}
Event: 34.761 GC heap before
{Heap before GC invocations=51 (full 0):
 garbage-first heap   total 256000K, used 206293K [0x0000000700000000, 0x0000000800000000)
  region size 2048K, 38 young (77824K), 6 survivors (12288K)
 Metaspace       used 111432K, committed 114176K, reserved 983040K
  class space    used 15495K, committed 16832K, reserved 851968K
}
Event: 34.774 GC heap after
{Heap after GC invocations=52 (full 0):
 garbage-first heap   total 256000K, used 146967K [0x0000000700000000, 0x0000000800000000)
  region size 2048K, 4 young (8192K), 4 survivors (8192K)
 Metaspace       used 111432K, committed 114176K, reserved 983040K
  class space    used 15495K, committed 16832K, reserved 851968K
}
Event: 35.252 GC heap before
{Heap before GC invocations=52 (full 0):
 garbage-first heap   total 256000K, used 228887K [0x0000000700000000, 0x0000000800000000)
  region size 2048K, 45 young (92160K), 4 survivors (8192K)
 Metaspace       used 111473K, committed 114176K, reserved 983040K
  class space    used 15499K, committed 16832K, reserved 851968K
}
Event: 35.261 GC heap after
{Heap after GC invocations=53 (full 0):
 garbage-first heap   total 307200K, used 148149K [0x0000000700000000, 0x0000000800000000)
  region size 2048K, 3 young (6144K), 3 survivors (6144K)
 Metaspace       used 111473K, committed 114176K, reserved 983040K
  class space    used 15499K, committed 16832K, reserved 851968K
}
Event: 36.852 GC heap before
{Heap before GC invocations=53 (full 0):
 garbage-first heap   total 307200K, used 273077K [0x0000000700000000, 0x0000000800000000)
  region size 2048K, 64 young (131072K), 3 survivors (6144K)
 Metaspace       used 112501K, committed 115328K, reserved 983040K
  class space    used 15648K, committed 17088K, reserved 851968K
}
Event: 36.863 GC heap after
{Heap after GC invocations=54 (full 0):
 garbage-first heap   total 307200K, used 167341K [0x0000000700000000, 0x0000000800000000)
  region size 2048K, 8 young (16384K), 8 survivors (16384K)
 Metaspace       used 112501K, committed 115328K, reserved 983040K
  class space    used 15648K, committed 17088K, reserved 851968K
}
Event: 37.552 GC heap before
{Heap before GC invocations=54 (full 0):
 garbage-first heap   total 307200K, used 273837K [0x0000000700000000, 0x0000000800000000)
  region size 2048K, 60 young (122880K), 8 survivors (16384K)
 Metaspace       used 112528K, committed 115392K, reserved 983040K
  class space    used 15650K, committed 17088K, reserved 851968K
}
Event: 37.565 GC heap after
{Heap after GC invocations=55 (full 0):
 garbage-first heap   total 307200K, used 173891K [0x0000000700000000, 0x0000000800000000)
  region size 2048K, 3 young (6144K), 3 survivors (6144K)
 Metaspace       used 112528K, committed 115392K, reserved 983040K
  class space    used 15650K, committed 17088K, reserved 851968K
}
Event: 38.480 GC heap before
{Heap before GC invocations=55 (full 0):
 garbage-first heap   total 307200K, used 276291K [0x0000000700000000, 0x0000000800000000)
  region size 2048K, 54 young (110592K), 3 survivors (6144K)
 Metaspace       used 112768K, committed 115584K, reserved 983040K
  class space    used 15668K, committed 17088K, reserved 851968K
}
Event: 38.489 GC heap after
{Heap after GC invocations=56 (full 0):
 garbage-first heap   total 307200K, used 183705K [0x0000000700000000, 0x0000000800000000)
  region size 2048K, 7 young (14336K), 7 survivors (14336K)
 Metaspace       used 112768K, committed 115584K, reserved 983040K
  class space    used 15668K, committed 17088K, reserved 851968K
}

